Traceback (most recent call last):
  File "C:\Users\Team 12\Documents\GitHub\maslab-staff-2013\main.py", line 94, in connect
    self.wrapper.connect()
  File "C:\Users\Team 12\Documents\GitHub\maslab-staff-2013\wrapper.py", line 143, in connect
    self.ard.run()
  File "C:\Users\Team 12\Documents\GitHub\maslab-staff-2013\arduino.py", line 43, in run
    self.portOpened = self.connect()
  File "C:\Users\Team 12\Documents\GitHub\maslab-staff-2013\arduino.py", line 61, in connect
    if self.portOpened: self.close()
AttributeError: 'Arduino' object has no attribute 'close'
Exception in thread Thread-9:
Traceback (most recent call last):
  File "C:\Python27\lib\threading.py", line 551, in __bootstrap_inner
    self.run()
  File "C:\Python27\lib\threading.py", line 504, in run
    self.__target(*self.__args, **self.__kwargs)
  File "C:\Users\Team 12\Documents\GitHub\maslab-staff-2013\arduino.py", line 180, in checkPorts
    self.writeOutputPacket()
  File "C:\Users\Team 12\Documents\GitHub\maslab-staff-2013\arduino.py", line 117, in writeOutputPacket
    self.port.write(output)
  File "C:\Python27\lib\site-packages\serial\serialwin32.py", line 270, in write
    raise writeTimeoutError
SerialTimeoutException: Write timeout

